<?xml version="1.0" encoding="UTF-8"?>
<testng-results ignored="0" total="1" passed="1" failed="0" skipped="0">
  <reporter-output>
  </reporter-output>
  <suite started-at="2024-09-17T21:51:39 IST" name="Default suite" finished-at="2024-09-17T21:51:39 IST" duration-ms="367">
    <groups>
    </groups>
    <test started-at="2024-09-17T21:51:39 IST" name="Default test" finished-at="2024-09-17T21:51:39 IST" duration-ms="367">
      <class name="JenkinTestJava.JenkinClass">
        <test-method signature="m1()[pri:0, instance:JenkinTestJava.JenkinClass@3c19aaa5]" started-at="2024-09-17T21:51:39 IST" name="m1" finished-at="2024-09-17T21:51:39 IST" duration-ms="89" status="PASS">
          <reporter-output>
          </reporter-output>
        </test-method> <!-- m1 -->
      </class> <!-- JenkinTestJava.JenkinClass -->
    </test> <!-- Default test -->
  </suite> <!-- Default suite -->
</testng-results>
