<?xml version="1.0" encoding="UTF-8"?>
<testng-results ignored="0" total="2" passed="2" failed="0" skipped="0">
  <reporter-output>
  </reporter-output>
  <suite started-at="2024-09-18T19:51:28 IST" name="Default suite" finished-at="2024-09-18T19:51:28 IST" duration-ms="146">
    <groups>
    </groups>
    <test started-at="2024-09-18T19:51:28 IST" name="Default test" finished-at="2024-09-18T19:51:28 IST" duration-ms="146">
      <class name="JenkinTestJava.JenkinClass">
        <test-method signature="m1()[pri:0, instance:JenkinTestJava.JenkinClass@3349e9bb]" started-at="2024-09-18T19:51:28 IST" name="m1" finished-at="2024-09-18T19:51:28 IST" duration-ms="24" status="PASS">
          <reporter-output>
          </reporter-output>
        </test-method> <!-- m1 -->
        <test-method signature="test2()[pri:0, instance:JenkinTestJava.JenkinClass@3349e9bb]" started-at="2024-09-18T19:51:28 IST" name="test2" finished-at="2024-09-18T19:51:28 IST" duration-ms="7" status="PASS">
          <reporter-output>
          </reporter-output>
        </test-method> <!-- test2 -->
      </class> <!-- JenkinTestJava.JenkinClass -->
    </test> <!-- Default test -->
  </suite> <!-- Default suite -->
</testng-results>
